<?xml version="1.0"?><coverage lines-covered="107" lines-valid="163" line-rate="0.656441717791411" branches-covered="0" branches-valid="0" branch-rate="0" complexity="0" version="1.9" timestamp="1678106855"><sources><source>/Users/aimericsorin/Documents/EPSI/I1/mspr-api/erp_api</source></sources><packages><package name="src" line-rate="0.656441717791411" branch-rate="0" complexity="0"><classes><class name="configuration" filename="src/configuration.rs" line-rate="1" branch-rate="0" complexity="0"><methods/><lines><line number="34" hits="15"/><line number="35" hits="15"/><line number="36" hits="15"/><line number="37" hits="15"/><line number="38" hits="15"/><line number="39" hits="15"/><line number="41" hits="15"/><line number="42" hits="45"/><line number="46" hits="15"/><line number="47" hits="15"/><line number="48" hits="15"/><line number="54" hits="15"/><line number="56" hits="15"/><line number="67" hits="17"/><line number="68" hits="17"/><line number="69" hits="16"/><line number="70" hits="1"/><line number="78" hits="18"/><line number="79" hits="18"/><line number="80" hits="34"/><line number="81" hits="3"/><line number="82" hits="1"/><line number="83" hits="1"/><line number="84" hits="1"/></lines></class><class name="main" filename="src/main.rs" line-rate="0" branch-rate="0" complexity="0"><methods/><lines><line number="9" hits="0"/><line number="10" hits="0"/><line number="12" hits="0"/><line number="13" hits="0"/><line number="15" hits="0"/><line number="16" hits="0"/><line number="17" hits="0"/><line number="18" hits="0"/><line number="20" hits="0"/><line number="21" hits="0"/><line number="25" hits="0"/><line number="26" hits="0"/><line number="27" hits="0"/><line number="29" hits="0"/><line number="30" hits="0"/><line number="32" hits="0"/><line number="34" hits="0"/><line number="35" hits="0"/><line number="36" hits="0"/></lines></class><class name="startup" filename="src/startup.rs" line-rate="1" branch-rate="0" complexity="0"><methods/><lines><line number="24" hits="15"/><line number="25" hits="5"/><line number="27" hits="5"/><line number="29" hits="10"/><line number="30" hits="5"/><line number="32" hits="5"/><line number="35" hits="5"/><line number="40" hits="10"/><line number="41" hits="10"/><line number="44" hits="10"/><line number="47" hits="5"/><line number="50" hits="10"/><line number="51" hits="10"/><line number="54" hits="20"/><line number="55" hits="20"/><line number="60" hits="10"/><line number="61" hits="5"/><line number="68" hits="10"/><line number="69" hits="10"/><line number="71" hits="140"/><line number="72" hits="120"/><line number="73" hits="120"/><line number="74" hits="120"/><line number="75" hits="120"/><line number="76" hits="120"/><line number="77" hits="120"/><line number="79" hits="10"/><line number="82" hits="10"/></lines></class><class name="tcp_sink" filename="src/tcp_sink.rs" line-rate="0" branch-rate="0" complexity="0"><methods/><lines><line number="9" hits="0"/><line number="10" hits="0"/><line number="11" hits="0"/><line number="16" hits="0"/><line number="18" hits="0"/><line number="24" hits="0"/><line number="25" hits="0"/><line number="28" hits="0"/><line number="29" hits="0"/></lines></class><class name="telemetry" filename="src/telemetry.rs" line-rate="0.41935483870967744" branch-rate="0" complexity="0"><methods/><lines><line number="28" hits="0"/><line number="42" hits="0"/><line number="43" hits="0"/><line number="44" hits="0"/><line number="45" hits="0"/><line number="46" hits="0"/><line number="47" hits="0"/><line number="48" hits="0"/><line number="49" hits="0"/><line number="54" hits="0"/><line number="55" hits="0"/><line number="56" hits="0"/><line number="57" hits="0"/><line number="59" hits="0"/><line number="60" hits="0"/><line number="61" hits="0"/><line number="62" hits="0"/><line number="63" hits="0"/><line number="66" hits="1"/><line number="74" hits="1"/><line number="75" hits="3"/><line number="76" hits="1"/><line number="78" hits="1"/><line number="79" hits="1"/><line number="80" hits="1"/><line number="81" hits="1"/><line number="87" hits="1"/><line number="88" hits="1"/><line number="89" hits="1"/><line number="90" hits="1"/><line number="91" hits="1"/></lines></class></classes></package><package name="src/cli" line-rate="0" branch-rate="0" complexity="0"><classes></classes></package><package name="src/error" line-rate="0" branch-rate="0" complexity="0"><classes></classes></package><package name="src/entity" line-rate="0" branch-rate="0" complexity="0"><classes></classes></package><package name="src/repository" line-rate="1" branch-rate="0" complexity="0"><classes><class name="products" filename="src/repository/products.rs" line-rate="1" branch-rate="0" complexity="0"><methods/><lines><line number="11" hits="6"/><line number="12" hits="12"/><line number="15" hits="36"/><line number="16" hits="6"/><line number="19" hits="18"/><line number="21" hits="12"/><line number="22" hits="6"/><line number="25" hits="6"/><line number="26" hits="12"/><line number="29" hits="6"/><line number="31" hits="6"/><line number="32" hits="36"/><line number="34" hits="6"/></lines></class></classes></package><package name="src/routes" line-rate="0.7435897435897436" branch-rate="0" complexity="0"><classes><class name="health_check" filename="src/routes/health_check.rs" line-rate="1" branch-rate="0" complexity="0"><methods/><lines><line number="3" hits="6"/><line number="4" hits="3"/></lines></class><class name="products" filename="src/routes/products.rs" line-rate="0.7297297297297297" branch-rate="0" complexity="0"><methods/><lines><line number="22" hits="6"/><line number="23" hits="6"/><line number="26" hits="12"/><line number="27" hits="18"/><line number="29" hits="6"/><line number="31" hits="0"/><line number="32" hits="0"/><line number="33" hits="0"/><line number="36" hits="0"/><line number="37" hits="0"/><line number="38" hits="0"/><line number="39" hits="0"/><line number="40" hits="0"/><line number="48" hits="6"/><line number="60" hits="6"/><line number="64" hits="6"/><line number="65" hits="0"/><line number="66" hits="0"/><line number="68" hits="6"/><line number="71" hits="12"/><line number="72" hits="18"/><line number="75" hits="6"/><line number="77" hits="6"/><line number="78" hits="6"/><line number="79" hits="6"/><line number="82" hits="6"/><line number="87" hits="12"/><line number="88" hits="36"/><line number="91" hits="6"/><line number="92" hits="3"/><line number="93" hits="3"/><line number="94" hits="3"/><line number="95" hits="3"/><line number="96" hits="3"/><line number="98" hits="3"/><line number="99" hits="3"/><line number="100" hits="3"/></lines></class></classes></package><package name="tests/api" line-rate="0" branch-rate="0" complexity="0"><classes></classes></package></packages></coverage>