<?xml version="1.0"?><coverage lines-covered="173" lines-valid="232" line-rate="0.7456896551724138" branches-covered="0" branches-valid="0" branch-rate="0" complexity="0" version="1.9" timestamp="1678437395"><sources><source>/Users/aimericsorin/Documents/EPSI/I1/mspr-api/erp_api</source></sources><packages><package name="src/cli" line-rate="0" branch-rate="0" complexity="0"><classes></classes></package><package name="src" line-rate="0.7456896551724138" branch-rate="0" complexity="0"><classes><class name="configuration" filename="src/configuration.rs" line-rate="1" branch-rate="0" complexity="0"><methods/><lines><line number="40" hits="18"/><line number="41" hits="18"/><line number="42" hits="18"/><line number="43" hits="18"/><line number="44" hits="18"/><line number="45" hits="18"/><line number="47" hits="18"/><line number="48" hits="54"/><line number="52" hits="18"/><line number="53" hits="18"/><line number="54" hits="18"/><line number="60" hits="18"/><line number="62" hits="18"/><line number="73" hits="20"/><line number="74" hits="20"/><line number="75" hits="19"/><line number="76" hits="1"/><line number="84" hits="21"/><line number="85" hits="21"/><line number="86" hits="40"/><line number="87" hits="3"/><line number="88" hits="1"/><line number="89" hits="1"/><line number="90" hits="1"/></lines></class><class name="main" filename="src/main.rs" line-rate="0" branch-rate="0" complexity="0"><methods/><lines><line number="9" hits="0"/><line number="10" hits="0"/><line number="12" hits="0"/><line number="13" hits="0"/><line number="15" hits="0"/><line number="16" hits="0"/><line number="17" hits="0"/><line number="18" hits="0"/><line number="20" hits="0"/><line number="21" hits="0"/><line number="25" hits="0"/><line number="26" hits="0"/><line number="27" hits="0"/><line number="29" hits="0"/><line number="31" hits="0"/><line number="33" hits="0"/><line number="34" hits="0"/><line number="35" hits="0"/></lines></class><class name="startup" filename="src/startup.rs" line-rate="1" branch-rate="0" complexity="0"><methods/><lines><line number="29" hits="24"/><line number="30" hits="6"/><line number="32" hits="6"/><line number="34" hits="12"/><line number="35" hits="6"/><line number="37" hits="6"/><line number="40" hits="6"/><line number="45" hits="12"/><line number="46" hits="12"/><line number="50" hits="6"/><line number="53" hits="12"/><line number="56" hits="6"/><line number="59" hits="18"/><line number="60" hits="18"/><line number="63" hits="36"/><line number="64" hits="36"/><line number="69" hits="18"/><line number="70" hits="6"/><line number="77" hits="18"/><line number="82" hits="18"/><line number="83" hits="18"/><line number="85" hits="180"/><line number="86" hits="144"/><line number="87" hits="144"/><line number="88" hits="144"/><line number="89" hits="144"/><line number="90" hits="144"/><line number="91" hits="144"/><line number="92" hits="144"/><line number="94" hits="18"/><line number="97" hits="18"/></lines></class><class name="tcp_sink" filename="src/tcp_sink.rs" line-rate="0" branch-rate="0" complexity="0"><methods/><lines><line number="9" hits="0"/><line number="10" hits="0"/><line number="11" hits="0"/><line number="16" hits="0"/><line number="18" hits="0"/><line number="24" hits="0"/><line number="25" hits="0"/><line number="28" hits="0"/><line number="29" hits="0"/></lines></class><class name="telemetry" filename="src/telemetry.rs" line-rate="0.41935483870967744" branch-rate="0" complexity="0"><methods/><lines><line number="28" hits="0"/><line number="42" hits="0"/><line number="43" hits="0"/><line number="44" hits="0"/><line number="45" hits="0"/><line number="46" hits="0"/><line number="47" hits="0"/><line number="48" hits="0"/><line number="49" hits="0"/><line number="54" hits="0"/><line number="55" hits="0"/><line number="56" hits="0"/><line number="57" hits="0"/><line number="59" hits="0"/><line number="60" hits="0"/><line number="61" hits="0"/><line number="62" hits="0"/><line number="63" hits="0"/><line number="66" hits="1"/><line number="74" hits="1"/><line number="75" hits="3"/><line number="76" hits="1"/><line number="78" hits="1"/><line number="79" hits="1"/><line number="80" hits="1"/><line number="81" hits="1"/><line number="87" hits="1"/><line number="88" hits="1"/><line number="89" hits="1"/><line number="90" hits="1"/><line number="91" hits="1"/></lines></class></classes></package><package name="src/entity" line-rate="0.4117647058823529" branch-rate="0" complexity="0"><classes><class name="pagination" filename="src/entity/pagination.rs" line-rate="0.4117647058823529" branch-rate="0" complexity="0"><methods/><lines><line number="23" hits="6"/><line number="35" hits="6"/><line number="36" hits="6"/><line number="38" hits="6"/><line number="39" hits="6"/><line number="40" hits="0"/><line number="41" hits="0"/><line number="42" hits="0"/><line number="43" hits="0"/><line number="44" hits="0"/><line number="49" hits="6"/><line number="50" hits="0"/><line number="51" hits="0"/><line number="52" hits="0"/><line number="53" hits="0"/><line number="54" hits="0"/><line number="59" hits="6"/></lines></class></classes></package><package name="src/error" line-rate="0" branch-rate="0" complexity="0"><classes></classes></package><package name="src/repository" line-rate="0.9487179487179487" branch-rate="0" complexity="0"><classes><class name="products" filename="src/repository/products.rs" line-rate="1" branch-rate="0" complexity="0"><methods/><lines><line number="11" hits="6"/><line number="15" hits="12"/><line number="18" hits="12"/><line number="21" hits="36"/><line number="22" hits="6"/><line number="23" hits="6"/><line number="26" hits="12"/><line number="28" hits="15"/><line number="29" hits="6"/><line number="32" hits="6"/><line number="37" hits="12"/><line number="39" hits="12"/><line number="42" hits="6"/><line number="43" hits="6"/><line number="45" hits="6"/><line number="46" hits="15"/><line number="48" hits="6"/></lines></class><class name="resellers" filename="src/repository/resellers.rs" line-rate="0.9" branch-rate="0" complexity="0"><methods/><lines><line number="10" hits="12"/><line number="14" hits="24"/><line number="17" hits="12"/><line number="18" hits="36"/><line number="21" hits="24"/><line number="22" hits="24"/><line number="25" hits="12"/><line number="26" hits="0"/><line number="28" hits="12"/><line number="29" hits="12"/></lines></class><class name="users" filename="src/repository/users.rs" line-rate="0.9166666666666666" branch-rate="0" complexity="0"><methods/><lines><line number="10" hits="12"/><line number="15" hits="24"/><line number="17" hits="24"/><line number="20" hits="12"/><line number="21" hits="36"/><line number="22" hits="12"/><line number="25" hits="24"/><line number="26" hits="24"/><line number="28" hits="12"/><line number="29" hits="0"/><line number="31" hits="12"/><line number="32" hits="12"/></lines></class></classes></package><package name="src/routes" line-rate="0.9682539682539683" branch-rate="0" complexity="0"><classes><class name="health_check" filename="src/routes/health_check.rs" line-rate="1" branch-rate="0" complexity="0"><methods/><lines><line number="3" hits="6"/><line number="4" hits="3"/></lines></class><class name="products" filename="src/routes/products.rs" line-rate="0.9672131147540983" branch-rate="0" complexity="0"><methods/><lines><line number="51" hits="12"/><line number="52" hits="12"/><line number="54" hits="36"/><line number="55" hits="24"/><line number="58" hits="12"/><line number="68" hits="24"/><line number="69" hits="12"/><line number="70" hits="12"/><line number="72" hits="48"/><line number="75" hits="24"/><line number="77" hits="0"/><line number="80" hits="12"/><line number="81" hits="12"/><line number="84" hits="24"/><line number="85" hits="24"/><line number="88" hits="24"/><line number="91" hits="24"/><line number="92" hits="24"/><line number="95" hits="24"/><line number="97" hits="12"/><line number="98" hits="0"/><line number="100" hits="12"/><line number="103" hits="6"/><line number="111" hits="6"/><line number="113" hits="12"/><line number="116" hits="6"/><line number="117" hits="6"/><line number="118" hits="6"/><line number="119" hits="6"/><line number="121" hits="48"/><line number="122" hits="6"/><line number="123" hits="12"/><line number="124" hits="15"/><line number="127" hits="6"/><line number="129" hits="6"/><line number="130" hits="6"/><line number="131" hits="6"/><line number="132" hits="6"/><line number="136" hits="6"/><line number="138" hits="6"/><line number="139" hits="6"/><line number="140" hits="6"/><line number="143" hits="6"/><line number="151" hits="6"/><line number="153" hits="12"/><line number="156" hits="6"/><line number="157" hits="6"/><line number="158" hits="6"/><line number="159" hits="6"/><line number="161" hits="48"/><line number="163" hits="12"/><line number="164" hits="15"/><line number="167" hits="6"/><line number="168" hits="3"/><line number="169" hits="3"/><line number="170" hits="3"/><line number="171" hits="3"/><line number="172" hits="3"/><line number="174" hits="3"/><line number="175" hits="3"/><line number="176" hits="3"/></lines></class></classes></package><package name="tests/api" line-rate="0" branch-rate="0" complexity="0"><classes></classes></package></packages></coverage>