<?xml version="1.0"?><coverage lines-covered="196" lines-valid="212" line-rate="0.9245283018867925" branches-covered="0" branches-valid="0" branch-rate="0" complexity="0" version="1.9" timestamp="1678901734"><sources><source>/Users/aimericsorin/Documents/EPSI/I1/mspr-api/erp_api</source></sources><packages><package name="src/routes" line-rate="0.8852459016393442" branch-rate="0" complexity="0"><classes><class name="health_check" filename="src/routes/health_check.rs" line-rate="1" branch-rate="0" complexity="0"><methods/><lines><line number="3" hits="6"/><line number="4" hits="3"/></lines></class><class name="products" filename="src/routes/products.rs" line-rate="0.8813559322033898" branch-rate="0" complexity="0"><methods/><lines><line number="29" hits="12"/><line number="30" hits="12"/><line number="32" hits="36"/><line number="33" hits="24"/><line number="36" hits="12"/><line number="41" hits="24"/><line number="43" hits="12"/><line number="44" hits="0"/><line number="45" hits="12"/><line number="47" hits="24"/><line number="49" hits="12"/><line number="50" hits="0"/><line number="51" hits="0"/><line number="52" hits="0"/><line number="56" hits="24"/><line number="58" hits="24"/><line number="61" hits="24"/><line number="62" hits="36"/><line number="65" hits="24"/><line number="67" hits="24"/><line number="70" hits="24"/><line number="71" hits="24"/><line number="74" hits="24"/><line number="76" hits="24"/><line number="78" hits="12"/><line number="79" hits="0"/><line number="80" hits="0"/><line number="81" hits="0"/><line number="84" hits="12"/><line number="87" hits="6"/><line number="94" hits="6"/><line number="96" hits="12"/><line number="98" hits="42"/><line number="99" hits="12"/><line number="100" hits="15"/><line number="103" hits="6"/><line number="105" hits="6"/><line number="106" hits="6"/><line number="107" hits="6"/><line number="108" hits="6"/><line number="112" hits="6"/><line number="114" hits="6"/><line number="115" hits="6"/><line number="116" hits="6"/><line number="119" hits="6"/><line number="126" hits="6"/><line number="128" hits="12"/><line number="130" hits="42"/><line number="132" hits="12"/><line number="133" hits="12"/><line number="136" hits="6"/><line number="137" hits="3"/><line number="138" hits="3"/><line number="139" hits="3"/><line number="140" hits="3"/><line number="141" hits="3"/><line number="143" hits="3"/><line number="144" hits="3"/><line number="145" hits="3"/></lines></class></classes></package><package name="tests/api" line-rate="0" branch-rate="0" complexity="0"><classes></classes></package><package name="src/entity" line-rate="1" branch-rate="0" complexity="0"><classes><class name="pagination" filename="src/entity/pagination.rs" line-rate="1" branch-rate="0" complexity="0"><methods/><lines><line number="23" hits="9"/><line number="35" hits="9"/><line number="36" hits="9"/><line number="38" hits="9"/><line number="39" hits="11"/><line number="40" hits="2"/><line number="41" hits="2"/><line number="42" hits="2"/><line number="43" hits="2"/><line number="44" hits="2"/><line number="49" hits="10"/><line number="50" hits="1"/><line number="51" hits="1"/><line number="52" hits="1"/><line number="53" hits="1"/><line number="54" hits="1"/><line number="59" hits="9"/></lines></class></classes></package><package name="src/error" line-rate="1" branch-rate="0" complexity="0"><classes><class name="api_error" filename="src/error/api_error.rs" line-rate="1" branch-rate="0" complexity="0"><methods/><lines><line number="15" hits="2"/><line number="16" hits="2"/><line number="17" hits="1"/><line number="18" hits="1"/><line number="19" hits="1"/><line number="20" hits="1"/><line number="26" hits="1"/><line number="27" hits="1"/><line number="35" hits="1"/><line number="36" hits="1"/><line number="37" hits="3"/><line number="38" hits="1"/><line number="39" hits="1"/><line number="41" hits="1"/></lines></class></classes></package><package name="src" line-rate="0.9245283018867925" branch-rate="0" complexity="0"><classes><class name="configuration" filename="src/configuration.rs" line-rate="1" branch-rate="0" complexity="0"><methods/><lines><line number="32" hits="18"/><line number="33" hits="18"/><line number="34" hits="18"/><line number="35" hits="18"/><line number="36" hits="18"/><line number="37" hits="18"/><line number="39" hits="18"/><line number="40" hits="54"/><line number="44" hits="18"/><line number="45" hits="18"/><line number="46" hits="18"/><line number="52" hits="18"/><line number="54" hits="18"/><line number="65" hits="20"/><line number="66" hits="20"/><line number="67" hits="19"/><line number="68" hits="1"/><line number="76" hits="21"/><line number="77" hits="21"/><line number="78" hits="40"/><line number="79" hits="3"/><line number="80" hits="1"/><line number="81" hits="1"/><line number="82" hits="1"/></lines></class><class name="main" filename="src/main.rs" line-rate="0" branch-rate="0" complexity="0"><methods/><lines><line number="9" hits="0"/><line number="10" hits="0"/><line number="12" hits="0"/><line number="13" hits="0"/><line number="15" hits="0"/><line number="16" hits="0"/><line number="17" hits="0"/></lines></class><class name="startup" filename="src/startup.rs" line-rate="1" branch-rate="0" complexity="0"><methods/><lines><line number="24" hits="18"/><line number="25" hits="6"/><line number="27" hits="6"/><line number="29" hits="12"/><line number="30" hits="6"/><line number="32" hits="6"/><line number="35" hits="6"/><line number="40" hits="12"/><line number="41" hits="12"/><line number="44" hits="12"/><line number="47" hits="6"/><line number="50" hits="12"/><line number="51" hits="12"/><line number="54" hits="12"/><line number="55" hits="12"/><line number="60" hits="12"/><line number="61" hits="6"/><line number="68" hits="12"/><line number="69" hits="12"/><line number="71" hits="168"/><line number="72" hits="144"/><line number="73" hits="144"/><line number="74" hits="144"/><line number="75" hits="144"/><line number="76" hits="144"/><line number="77" hits="144"/><line number="79" hits="12"/><line number="82" hits="12"/></lines></class><class name="tcp_sink" filename="src/tcp_sink.rs" line-rate="1" branch-rate="0" complexity="0"><methods/><lines><line number="10" hits="1"/><line number="11" hits="2"/><line number="12" hits="1"/><line number="17" hits="1"/><line number="19" hits="1"/><line number="25" hits="1"/><line number="26" hits="1"/><line number="29" hits="1"/><line number="30" hits="1"/></lines></class><class name="telemetry" filename="src/telemetry.rs" line-rate="1" branch-rate="0" complexity="0"><methods/><lines><line number="66" hits="1"/><line number="74" hits="1"/><line number="75" hits="3"/><line number="76" hits="1"/><line number="78" hits="1"/><line number="79" hits="1"/><line number="80" hits="1"/><line number="81" hits="1"/><line number="87" hits="1"/><line number="88" hits="1"/><line number="89" hits="1"/><line number="90" hits="1"/><line number="91" hits="1"/></lines></class></classes></package><package name="src/cli" line-rate="0" branch-rate="0" complexity="0"><classes></classes></package><package name="src/repository" line-rate="0.9487179487179487" branch-rate="0" complexity="0"><classes><class name="products" filename="src/repository/products.rs" line-rate="1" branch-rate="0" complexity="0"><methods/><lines><line number="12" hits="6"/><line number="16" hits="12"/><line number="19" hits="12"/><line number="22" hits="36"/><line number="23" hits="6"/><line number="24" hits="6"/><line number="27" hits="12"/><line number="29" hits="15"/><line number="30" hits="6"/><line number="33" hits="6"/><line number="38" hits="12"/><line number="40" hits="12"/><line number="43" hits="6"/><line number="44" hits="6"/><line number="46" hits="6"/><line number="47" hits="12"/><line number="49" hits="6"/></lines></class><class name="resellers" filename="src/repository/resellers.rs" line-rate="0.9" branch-rate="0" complexity="0"><methods/><lines><line number="10" hits="12"/><line number="14" hits="24"/><line number="17" hits="12"/><line number="18" hits="36"/><line number="21" hits="36"/><line number="22" hits="24"/><line number="25" hits="12"/><line number="26" hits="0"/><line number="28" hits="12"/><line number="29" hits="12"/></lines></class><class name="users" filename="src/repository/users.rs" line-rate="0.9166666666666666" branch-rate="0" complexity="0"><methods/><lines><line number="11" hits="12"/><line number="16" hits="24"/><line number="18" hits="24"/><line number="21" hits="12"/><line number="22" hits="36"/><line number="23" hits="12"/><line number="26" hits="24"/><line number="27" hits="24"/><line number="29" hits="12"/><line number="30" hits="0"/><line number="32" hits="12"/><line number="33" hits="12"/></lines></class></classes></package></packages></coverage>